<?xml version="1.0" encoding="UTF-8"?>
<!-- Generated by org.testng.reporters.JUnitReportReporter -->
<testsuite hostname="DESKTOP-UHM9S0Q" failures="0" tests="2" name="allTestClass.VerifyLoginFunc" time="3.846" errors="0" timestamp="2021-07-13T21:34:19 IST" skipped="0">
  <testcase classname="allTestClass.VerifyLoginFunc" name="VerifyLogin" time="1.467"/>
  <system-out/>
  <testcase classname="allTestClass.VerifyLoginFunc" name="addAcverify" time="2.379"/>
  <system-out/>
</testsuite> <!-- allTestClass.VerifyLoginFunc -->
