<?xml version="1.0" encoding="UTF-8"?>
<!-- Generated by org.testng.reporters.JUnitReportReporter -->
<testsuite hostname="DESKTOP-UHM9S0Q" failures="0" tests="2" name="allTestClass.VerifyLoginFunc" time="4.272" errors="0" timestamp="2021-07-13T21:35:02 IST" skipped="0">
  <testcase classname="allTestClass.VerifyLoginFunc" name="VerifyLogin" time="1.871"/>
  <system-out/>
  <testcase classname="allTestClass.VerifyLoginFunc" name="addAcverify" time="2.401"/>
  <system-out/>
</testsuite> <!-- allTestClass.VerifyLoginFunc -->
